<?xml version="1.0" encoding="UTF-8"?>
<!-- Generated by org.testng.reporters.JUnitReportReporter -->
<testsuite hostname="LAPTOP-QOJCRGDT" failures="0" tests="1" name="Scripts.TestCase1" time="45.885" errors="0" timestamp="2023-08-18T17:27:25 IST" skipped="0">
  <testcase classname="Scripts.TestCase1" name="tc1" time="45.885"/>
  <system-out/>
</testsuite> <!-- Scripts.TestCase1 -->
